Project: Display
Converter: ST System Workbench for STM32 project converter
Date: 20190507

Warning: Failed to find matching board for Display
Unknown value type "" for id gnu.c.link.option.libs on tool fr.ac6.managedbuild.tool.gnu.cross.c.linker
Unknown value type "" for id gnu.c.link.option.paths on tool fr.ac6.managedbuild.tool.gnu.cross.c.linker
Unknown value type "" for id gnu.cpp.link.option.libs on tool fr.ac6.managedbuild.tool.gnu.cross.cpp.linker
Unknown value type "" for id gnu.cpp.link.option.paths on tool fr.ac6.managedbuild.tool.gnu.cross.cpp.linker
Option fr.ac6.managedbuild.tool.gnu.cross.cpp.linker.noexceptions is no longer supported
Option fr.ac6.managedbuild.tool.gnu.cross.cpp.linker.nortti is no longer supported
Value type err, id: gnu.cpp.link.option.flags
Unknown value type "" for id gnu.both.asm.option.include.paths on tool fr.ac6.managedbuild.tool.gnu.cross.assembler
Warning: Failed to find matching board for Display
No map found for id: gnu.cpp.debugging.level.max
No map found for id: gnu.cpp.compiler.option.preprocessor.def.symbols
Unknown value type "" for id gnu.c.link.option.libs on tool fr.ac6.managedbuild.tool.gnu.cross.c.linker
Unknown value type "" for id gnu.c.link.option.paths on tool fr.ac6.managedbuild.tool.gnu.cross.c.linker
Unknown value type "" for id gnu.cpp.link.option.libs on tool fr.ac6.managedbuild.tool.gnu.cross.cpp.linker
Unknown value type "" for id gnu.cpp.link.option.paths on tool fr.ac6.managedbuild.tool.gnu.cross.cpp.linker
Option fr.ac6.managedbuild.tool.gnu.cross.cpp.linker.noexceptions is no longer supported
Option fr.ac6.managedbuild.tool.gnu.cross.cpp.linker.nortti is no longer supported
Unknown value type "" for id gnu.both.asm.option.include.paths on tool fr.ac6.managedbuild.tool.gnu.cross.assembler
